  main.cpp
main.obj : error LNK2019: ссылка на неразрешенный внешний символ "__declspec(dllimport) public: __thiscall sf::String::String(char const *,class std::locale const &)" (__imp_??0String@sf@@QAE@PBDABVlocale@std@@@Z) в функции _main.
main.obj : error LNK2019: ссылка на неразрешенный внешний символ "__declspec(dllimport) public: __thiscall sf::String::~String(void)" (__imp_??1String@sf@@QAE@XZ) в функции _main.
main.obj : error LNK2019: ссылка на неразрешенный внешний символ "__declspec(dllimport) public: __thiscall sf::VideoMode::VideoMode(unsigned int,unsigned int,unsigned int)" (__imp_??0VideoMode@sf@@QAE@III@Z) в функции _main.
main.obj : error LNK2019: ссылка на неразрешенный внешний символ "__declspec(dllimport) public: void __thiscall sf::Window::close(void)" (__imp_?close@Window@sf@@QAEXXZ) в функции _main.
main.obj : error LNK2019: ссылка на неразрешенный внешний символ "__declspec(dllimport) public: bool __thiscall sf::Window::isOpen(void)const " (__imp_?isOpen@Window@sf@@QBE_NXZ) в функции _main.
main.obj : error LNK2019: ссылка на неразрешенный внешний символ "__declspec(dllimport) public: bool __thiscall sf::Window::pollEvent(class sf::Event &)" (__imp_?pollEvent@Window@sf@@QAE_NAAVEvent@2@@Z) в функции _main.
main.obj : error LNK2019: ссылка на неразрешенный внешний символ "__declspec(dllimport) public: void __thiscall sf::Window::display(void)" (__imp_?display@Window@sf@@QAEXXZ) в функции _main.
main.obj : error LNK2019: ссылка на неразрешенный внешний символ "__declspec(dllimport) public: __thiscall sf::Color::Color(unsigned char,unsigned char,unsigned char,unsigned char)" (__imp_??0Color@sf@@QAE@EEEE@Z) в функции _main.
main.obj : error LNK2019: ссылка на неразрешенный внешний символ "__declspec(dllimport) public: void __thiscall sf::Shape::setFillColor(class sf::Color const &)" (__imp_?setFillColor@Shape@sf@@QAEXABVColor@2@@Z) в функции "public: __thiscall Tile::Tile(bool,class sf::Vector2<float>,class sf::Color)" (??0Tile@@QAE@_NV?$Vector2@M@sf@@VColor@2@@Z).
main.obj : error LNK2019: ссылка на неразрешенный внешний символ "__declspec(dllimport) public: __thiscall sf::RectangleShape::RectangleShape(class sf::Vector2<float> const &)" (__imp_??0RectangleShape@sf@@QAE@ABV?$Vector2@M@1@@Z) в функции "public: __thiscall Tile::Tile(bool,class sf::Vector2<float>,class sf::Color)" (??0Tile@@QAE@_NV?$Vector2@M@sf@@VColor@2@@Z).
main.obj : error LNK2019: ссылка на неразрешенный внешний символ "__declspec(dllimport) public: void __thiscall sf::RectangleShape::setSize(class sf::Vector2<float> const &)" (__imp_?setSize@RectangleShape@sf@@QAEXABV?$Vector2@M@2@@Z) в функции "public: __thiscall Tile::Tile(bool,class sf::Vector2<float>,class sf::Color)" (??0Tile@@QAE@_NV?$Vector2@M@sf@@VColor@2@@Z).
main.obj : error LNK2019: ссылка на неразрешенный внешний символ "__declspec(dllimport) public: virtual __thiscall sf::RectangleShape::~RectangleShape(void)" (__imp_??1RectangleShape@sf@@UAE@XZ) в функции __unwindfunclet$??0Tile@@QAE@_NV?$Vector2@M@sf@@VColor@2@@Z$0.
main.obj : error LNK2019: ссылка на неразрешенный внешний символ "__declspec(dllimport) public: __thiscall sf::RectangleShape::RectangleShape(class sf::RectangleShape const &)" (__imp_??0RectangleShape@sf@@QAE@ABV01@@Z) в функции "public: __thiscall Tile::Tile(class Tile const &)" (??0Tile@@QAE@ABV0@@Z).
main.obj : error LNK2019: ссылка на неразрешенный внешний символ "__declspec(dllimport) public: __thiscall sf::RectangleShape::RectangleShape(class sf::RectangleShape &&)" (__imp_??0RectangleShape@sf@@QAE@$$QAV01@@Z) в функции "public: __thiscall Tile::Tile(class Tile &&)" (??0Tile@@QAE@$$QAV0@@Z).
main.obj : error LNK2019: ссылка на неразрешенный внешний символ "__declspec(dllimport) public: void __thiscall sf::RenderTarget::clear(class sf::Color const &)" (__imp_?clear@RenderTarget@sf@@QAEXABVColor@2@@Z) в функции _main.
main.obj : error LNK2019: ссылка на неразрешенный внешний символ "__declspec(dllimport) public: void __thiscall sf::RenderTarget::draw(class sf::Drawable const &,class sf::RenderStates const &)" (__imp_?draw@RenderTarget@sf@@QAEXABVDrawable@2@ABVRenderStates@2@@Z) в функции "public: void __thiscall Tile::drawTile(class sf::RenderWindow *)const " (?drawTile@Tile@@QBEXPAVRenderWindow@sf@@@Z).
main.obj : error LNK2019: ссылка на неразрешенный внешний символ "__declspec(dllimport) public: __thiscall sf::RenderWindow::RenderWindow(class sf::VideoMode,class sf::String const &,unsigned int,struct sf::ContextSettings const &)" (__imp_??0RenderWindow@sf@@QAE@VVideoMode@1@ABVString@1@IABUContextSettings@1@@Z) в функции _main.
main.obj : error LNK2019: ссылка на неразрешенный внешний символ "__declspec(dllimport) public: virtual __thiscall sf::RenderWindow::~RenderWindow(void)" (__imp_??1RenderWindow@sf@@UAE@XZ) в функции _main.
main.obj : error LNK2019: ссылка на неразрешенный внешний символ "__declspec(dllimport) public: static class sf::RenderStates const sf::RenderStates::Default" (__imp_?Default@RenderStates@sf@@2V12@B) в функции "public: void __thiscall Tile::drawTile(class sf::RenderWindow *)const " (?drawTile@Tile@@QBEXPAVRenderWindow@sf@@@Z).
main.obj : error LNK2019: ссылка на неразрешенный внешний символ "__declspec(dllimport) public: static class sf::Color const sf::Color::Green" (__imp_?Green@Color@sf@@2V12@B) в функции "void __cdecl initTiles(class std::vector<class Tile,class std::allocator<class Tile> > &)" (?initTiles@@YAXAAV?$vector@VTile@@V?$allocator@VTile@@@std@@@std@@@Z).
C:\Coding\SFML-2.5.1\lib\sfml-graphics-d.lib : warning LNK4272: тип компьютера библиотеки "x64" конфликтует с типом целевого компьютера "x86"
C:\Coding\SFML-2.5.1\lib\sfml-system-d.lib : warning LNK4272: тип компьютера библиотеки "x64" конфликтует с типом целевого компьютера "x86"
C:\Coding\SFML-2.5.1\lib\sfml-window-d.lib : warning LNK4272: тип компьютера библиотеки "x64" конфликтует с типом целевого компьютера "x86"
C:\Coding\cpp projects\SFML Wave function collapse\Debug\SFML Wave function collapse.exe : fatal error LNK1120: неразрешенных внешних элементов: 20
